<?xml version="1.0" encoding="UTF-8"?>
<!-- Generated by org.testng.reporters.JUnitXMLReporter -->
<testsuite hostname="Amandas-MacBook-Air.local" ignored="0" name="PositiveLogInTest" tests="1" failures="0" timestamp="2022-12-16T17:20:00 CET" time="0.124" errors="0">
  <testcase name="@BeforeMethod setUp" time="0.015" classname="com.herokuapp.theinternet.base.BaseTest">
    <failure type="java.lang.IllegalArgumentException" message="wrong number of arguments">
      <![CDATA[java.lang.IllegalArgumentException: wrong number of arguments
at java.util.ArrayList.forEach(ArrayList.java:1257)
... Removed 31 stack frames]]>
    </failure>
  </testcase> <!-- @BeforeMethod setUp -->
  <testcase name="@AfterMethod tearDown" time="0.005" classname="com.herokuapp.theinternet.base.BaseTest">
    <failure type="java.lang.NullPointerException">
      <![CDATA[java.lang.NullPointerException
at com.herokuapp.theinternet.base.BaseTest.tearDown(BaseTest.java:32)
at java.util.ArrayList.forEach(ArrayList.java:1257)
... Removed 32 stack frames]]>
    </failure>
  </testcase> <!-- @AfterMethod tearDown -->
  <testcase name="logInTest" time="0.0" classname="com.herokuapp.theinternet.loginpagetests.PositiveLogInTests">
    <skipped/>
  </testcase> <!-- logInTest -->
</testsuite> <!-- PositiveLogInTest -->
