<?xml version="1.0" encoding="UTF-8"?>
<!-- Generated by org.testng.reporters.JUnitXMLReporter -->
<testsuite hostname="Amandas-MacBook-Air.local" ignored="0" name="JSErrorTests" tests="1" failures="1" timestamp="2022-12-30T13:49:55 CET" time="6.13" errors="0">
  <testcase name="jsErrorTest" time="0.403" classname="com.herokuapp.theinternet.jserrortests.JSErrorTests">
    <failure type="java.lang.AssertionError" message="The following asserts failed:
	Severe error: http://the-internet.herokuapp.com/javascript_error 6:51 Uncaught TypeError: Cannot read properties of undefined (reading &amp;apos;xyz&amp;apos;)">
      <![CDATA[java.lang.AssertionError: The following asserts failed:
Severe error: http://the-internet.herokuapp.com/javascript_error 6:51 Uncaught TypeError: Cannot read properties of undefined (reading 'xyz')
at com.herokuapp.theinternet.jserrortests.JSErrorTests.jsErrorTest(JSErrorTests.java:32)
at java.util.ArrayList.forEach(ArrayList.java:1257)
... Removed 29 stack frames]]>
    </failure>
  </testcase> <!-- jsErrorTest -->
</testsuite> <!-- JSErrorTests -->
